{"/Users/teddyburtonburger/Desktop/Code-hub/molu/src/app/api/orders/route.ts": {"path":"/Users/teddyburtonburger/Desktop/Code-hub/molu/src/app/api/orders/route.ts","statementMap":{"0":{"start":{"line":6,"column":15},"end":{"line":6,"column":null}},"1":{"start":{"line":7,"column":2},"end":{"line":7,"column":null}},"2":{"start":{"line":12,"column":2},"end":{"line":16,"column":null}},"3":{"start":{"line":13,"column":4},"end":{"line":13,"column":null}},"4":{"start":{"line":15,"column":4},"end":{"line":15,"column":null}},"5":{"start":{"line":18,"column":17},"end":{"line":18,"column":null}},"6":{"start":{"line":19,"column":2},"end":{"line":21,"column":null}},"7":{"start":{"line":20,"column":4},"end":{"line":20,"column":null}},"8":{"start":{"line":23,"column":2},"end":{"line":28,"column":null}},"9":{"start":{"line":24,"column":4},"end":{"line":27,"column":null}},"10":{"start":{"line":30,"column":2},"end":{"line":76,"column":null}},"11":{"start":{"line":31,"column":19},"end":{"line":31,"column":null}},"12":{"start":{"line":32,"column":21},"end":{"line":32,"column":null}},"13":{"start":{"line":32,"column":68},"end":{"line":32,"column":102}},"14":{"start":{"line":33,"column":22},"end":{"line":33,"column":null}},"15":{"start":{"line":33,"column":50},"end":{"line":33,"column":74}},"16":{"start":{"line":34,"column":21},"end":{"line":34,"column":null}},"17":{"start":{"line":34,"column":49},"end":{"line":34,"column":72}},"18":{"start":{"line":36,"column":25},"end":{"line":39,"column":null}},"19":{"start":{"line":37,"column":20},"end":{"line":37,"column":null}},"20":{"start":{"line":38,"column":6},"end":{"line":38,"column":null}},"21":{"start":{"line":41,"column":15},"end":{"line":41,"column":null}},"22":{"start":{"line":43,"column":4},"end":{"line":56,"column":null}},"23":{"start":{"line":58,"column":4},"end":{"line":70,"column":null}},"24":{"start":{"line":59,"column":28},"end":{"line":59,"column":null}},"25":{"start":{"line":60,"column":6},"end":{"line":69,"column":null}},"26":{"start":{"line":72,"column":4},"end":{"line":72,"column":null}},"27":{"start":{"line":74,"column":20},"end":{"line":74,"column":null}},"28":{"start":{"line":75,"column":4},"end":{"line":75,"column":null}}},"fnMap":{"0":{"name":"orderId","decl":{"start":{"line":5,"column":9},"end":{"line":5,"column":19}},"loc":{"start":{"line":5,"column":19},"end":{"line":8,"column":null}},"line":5},"1":{"name":"POST","decl":{"start":{"line":10,"column":22},"end":{"line":10,"column":27}},"loc":{"start":{"line":10,"column":45},"end":{"line":77,"column":null}},"line":10},"2":{"name":"(anonymous_2)","decl":{"start":{"line":32,"column":61},"end":{"line":32,"column":62}},"loc":{"start":{"line":32,"column":68},"end":{"line":32,"column":102}},"line":32},"3":{"name":"(anonymous_3)","decl":{"start":{"line":33,"column":43},"end":{"line":33,"column":44}},"loc":{"start":{"line":33,"column":50},"end":{"line":33,"column":74}},"line":33},"4":{"name":"(anonymous_4)","decl":{"start":{"line":34,"column":42},"end":{"line":34,"column":43}},"loc":{"start":{"line":34,"column":49},"end":{"line":34,"column":72}},"line":34},"5":{"name":"(anonymous_5)","decl":{"start":{"line":36,"column":50},"end":{"line":36,"column":51}},"loc":{"start":{"line":36,"column":65},"end":{"line":39,"column":7}},"line":36}},"branchMap":{"0":{"loc":{"start":{"line":19,"column":2},"end":{"line":21,"column":null}},"type":"if","locations":[{"start":{"line":19,"column":2},"end":{"line":21,"column":null}},{"start":{},"end":{}}],"line":19},"1":{"loc":{"start":{"line":23,"column":2},"end":{"line":28,"column":null}},"type":"if","locations":[{"start":{"line":23,"column":2},"end":{"line":28,"column":null}},{"start":{},"end":{}}],"line":23},"2":{"loc":{"start":{"line":38,"column":20},"end":{"line":38,"column":34}},"type":"binary-expr","locations":[{"start":{"line":38,"column":20},"end":{"line":38,"column":29}},{"start":{"line":38,"column":29},"end":{"line":38,"column":34}}],"line":38},"3":{"loc":{"start":{"line":50,"column":28},"end":{"line":50,"column":null}},"type":"binary-expr","locations":[{"start":{"line":50,"column":28},"end":{"line":50,"column":64}},{"start":{"line":50,"column":64},"end":{"line":50,"column":null}}],"line":50},"4":{"loc":{"start":{"line":59,"column":28},"end":{"line":59,"column":null}},"type":"binary-expr","locations":[{"start":{"line":59,"column":28},"end":{"line":59,"column":61}},{"start":{"line":59,"column":61},"end":{"line":59,"column":null}}],"line":59},"5":{"loc":{"start":{"line":63,"column":22},"end":{"line":63,"column":null}},"type":"binary-expr","locations":[{"start":{"line":63,"column":22},"end":{"line":63,"column":54}},{"start":{"line":63,"column":54},"end":{"line":63,"column":null}}],"line":63},"6":{"loc":{"start":{"line":74,"column":20},"end":{"line":74,"column":null}},"type":"cond-expr","locations":[{"start":{"line":74,"column":45},"end":{"line":74,"column":61}},{"start":{"line":74,"column":61},"end":{"line":74,"column":null}}],"line":74}},"s":{"0":1,"1":1,"2":5,"3":5,"4":1,"5":4,"6":4,"7":1,"8":3,"9":1,"10":2,"11":2,"12":2,"13":3,"14":1,"15":2,"16":1,"17":2,"18":1,"19":2,"20":2,"21":1,"22":1,"23":1,"24":2,"25":2,"26":1,"27":1,"28":1},"f":{"0":1,"1":5,"2":3,"3":2,"4":2,"5":2},"b":{"0":[1,3],"1":[1,2],"2":[2,0],"3":[1,1],"4":[2,0],"5":[2,0],"6":[1,0]},"meta":{"lastBranch":7,"lastFunction":6,"lastStatement":29,"seen":{"f:5:9:5:19":0,"s:6:15:6:Infinity":0,"s:7:2:7:Infinity":1,"f:10:22:10:27":1,"s:12:2:16:Infinity":2,"s:13:4:13:Infinity":3,"s:15:4:15:Infinity":4,"s:18:17:18:Infinity":5,"b:19:2:21:Infinity:undefined:undefined:undefined:undefined":0,"s:19:2:21:Infinity":6,"s:20:4:20:Infinity":7,"b:23:2:28:Infinity:undefined:undefined:undefined:undefined":1,"s:23:2:28:Infinity":8,"s:24:4:27:Infinity":9,"s:30:2:76:Infinity":10,"s:31:19:31:Infinity":11,"s:32:21:32:Infinity":12,"f:32:61:32:62":2,"s:32:68:32:102":13,"s:33:22:33:Infinity":14,"f:33:43:33:44":3,"s:33:50:33:74":15,"s:34:21:34:Infinity":16,"f:34:42:34:43":4,"s:34:49:34:72":17,"s:36:25:39:Infinity":18,"f:36:50:36:51":5,"s:37:20:37:Infinity":19,"s:38:6:38:Infinity":20,"b:38:20:38:29:38:29:38:34":2,"s:41:15:41:Infinity":21,"s:43:4:56:Infinity":22,"b:50:28:50:64:50:64:50:Infinity":3,"s:58:4:70:Infinity":23,"s:59:28:59:Infinity":24,"b:59:28:59:61:59:61:59:Infinity":4,"s:60:6:69:Infinity":25,"b:63:22:63:54:63:54:63:Infinity":5,"s:72:4:72:Infinity":26,"s:74:20:74:Infinity":27,"b:74:45:74:61:74:61:74:Infinity":6,"s:75:4:75:Infinity":28}}}
,"/Users/teddyburtonburger/Desktop/Code-hub/molu/src/app/api/payments/bkash/route.ts": {"path":"/Users/teddyburtonburger/Desktop/Code-hub/molu/src/app/api/payments/bkash/route.ts","statementMap":{"0":{"start":{"line":6,"column":22},"end":{"line":9,"column":null}},"1":{"start":{"line":13,"column":2},"end":{"line":17,"column":null}},"2":{"start":{"line":14,"column":4},"end":{"line":14,"column":null}},"3":{"start":{"line":16,"column":4},"end":{"line":16,"column":null}},"4":{"start":{"line":19,"column":17},"end":{"line":19,"column":null}},"5":{"start":{"line":20,"column":2},"end":{"line":22,"column":null}},"6":{"start":{"line":21,"column":4},"end":{"line":21,"column":null}},"7":{"start":{"line":24,"column":2},"end":{"line":29,"column":null}},"8":{"start":{"line":25,"column":4},"end":{"line":28,"column":null}},"9":{"start":{"line":31,"column":2},"end":{"line":50,"column":null}},"10":{"start":{"line":32,"column":19},"end":{"line":32,"column":null}},"11":{"start":{"line":33,"column":19},"end":{"line":33,"column":null}},"12":{"start":{"line":34,"column":18},"end":{"line":34,"column":null}},"13":{"start":{"line":35,"column":10},"end":{"line":39,"column":null}},"14":{"start":{"line":41,"column":4},"end":{"line":44,"column":null}},"15":{"start":{"line":46,"column":4},"end":{"line":46,"column":null}},"16":{"start":{"line":48,"column":20},"end":{"line":48,"column":null}},"17":{"start":{"line":49,"column":4},"end":{"line":49,"column":null}}},"fnMap":{"0":{"name":"POST","decl":{"start":{"line":11,"column":22},"end":{"line":11,"column":27}},"loc":{"start":{"line":11,"column":45},"end":{"line":51,"column":null}},"line":11}},"branchMap":{"0":{"loc":{"start":{"line":20,"column":2},"end":{"line":22,"column":null}},"type":"if","locations":[{"start":{"line":20,"column":2},"end":{"line":22,"column":null}},{"start":{},"end":{}}],"line":20},"1":{"loc":{"start":{"line":24,"column":2},"end":{"line":29,"column":null}},"type":"if","locations":[{"start":{"line":24,"column":2},"end":{"line":29,"column":null}},{"start":{},"end":{}}],"line":24},"2":{"loc":{"start":{"line":48,"column":20},"end":{"line":48,"column":null}},"type":"cond-expr","locations":[{"start":{"line":48,"column":45},"end":{"line":48,"column":61}},{"start":{"line":48,"column":61},"end":{"line":48,"column":null}}],"line":48}},"s":{"0":5,"1":5,"2":5,"3":1,"4":4,"5":4,"6":1,"7":3,"8":1,"9":2,"10":2,"11":2,"12":2,"13":1,"14":1,"15":1,"16":1,"17":1},"f":{"0":5},"b":{"0":[1,3],"1":[1,2],"2":[1,0]},"meta":{"lastBranch":3,"lastFunction":1,"lastStatement":18,"seen":{"s:6:22:9:Infinity":0,"f:11:22:11:27":0,"s:13:2:17:Infinity":1,"s:14:4:14:Infinity":2,"s:16:4:16:Infinity":3,"s:19:17:19:Infinity":4,"b:20:2:22:Infinity:undefined:undefined:undefined:undefined":0,"s:20:2:22:Infinity":5,"s:21:4:21:Infinity":6,"b:24:2:29:Infinity:undefined:undefined:undefined:undefined":1,"s:24:2:29:Infinity":7,"s:25:4:28:Infinity":8,"s:31:2:50:Infinity":9,"s:32:19:32:Infinity":10,"s:33:19:33:Infinity":11,"s:34:18:34:Infinity":12,"s:35:10:39:Infinity":13,"s:41:4:44:Infinity":14,"s:46:4:46:Infinity":15,"s:48:20:48:Infinity":16,"b:48:45:48:61:48:61:48:Infinity":2,"s:49:4:49:Infinity":17}}}
,"/Users/teddyburtonburger/Desktop/Code-hub/molu/src/app/api/payments/nagad/route.ts": {"path":"/Users/teddyburtonburger/Desktop/Code-hub/molu/src/app/api/payments/nagad/route.ts","statementMap":{"0":{"start":{"line":6,"column":22},"end":{"line":9,"column":null}},"1":{"start":{"line":13,"column":2},"end":{"line":17,"column":null}},"2":{"start":{"line":14,"column":4},"end":{"line":14,"column":null}},"3":{"start":{"line":16,"column":4},"end":{"line":16,"column":null}},"4":{"start":{"line":19,"column":17},"end":{"line":19,"column":null}},"5":{"start":{"line":20,"column":2},"end":{"line":22,"column":null}},"6":{"start":{"line":21,"column":4},"end":{"line":21,"column":null}},"7":{"start":{"line":24,"column":2},"end":{"line":29,"column":null}},"8":{"start":{"line":25,"column":4},"end":{"line":28,"column":null}},"9":{"start":{"line":31,"column":2},"end":{"line":50,"column":null}},"10":{"start":{"line":32,"column":19},"end":{"line":32,"column":null}},"11":{"start":{"line":33,"column":19},"end":{"line":33,"column":null}},"12":{"start":{"line":34,"column":18},"end":{"line":34,"column":null}},"13":{"start":{"line":35,"column":10},"end":{"line":39,"column":null}},"14":{"start":{"line":41,"column":4},"end":{"line":44,"column":null}},"15":{"start":{"line":46,"column":4},"end":{"line":46,"column":null}},"16":{"start":{"line":48,"column":20},"end":{"line":48,"column":null}},"17":{"start":{"line":49,"column":4},"end":{"line":49,"column":null}}},"fnMap":{"0":{"name":"POST","decl":{"start":{"line":11,"column":22},"end":{"line":11,"column":27}},"loc":{"start":{"line":11,"column":45},"end":{"line":51,"column":null}},"line":11}},"branchMap":{"0":{"loc":{"start":{"line":20,"column":2},"end":{"line":22,"column":null}},"type":"if","locations":[{"start":{"line":20,"column":2},"end":{"line":22,"column":null}},{"start":{},"end":{}}],"line":20},"1":{"loc":{"start":{"line":24,"column":2},"end":{"line":29,"column":null}},"type":"if","locations":[{"start":{"line":24,"column":2},"end":{"line":29,"column":null}},{"start":{},"end":{}}],"line":24},"2":{"loc":{"start":{"line":48,"column":20},"end":{"line":48,"column":null}},"type":"cond-expr","locations":[{"start":{"line":48,"column":45},"end":{"line":48,"column":61}},{"start":{"line":48,"column":61},"end":{"line":48,"column":null}}],"line":48}},"s":{"0":5,"1":5,"2":5,"3":1,"4":4,"5":4,"6":1,"7":3,"8":1,"9":2,"10":2,"11":2,"12":2,"13":1,"14":1,"15":1,"16":1,"17":1},"f":{"0":5},"b":{"0":[1,3],"1":[1,2],"2":[1,0]},"meta":{"lastBranch":3,"lastFunction":1,"lastStatement":18,"seen":{"s:6:22:9:Infinity":0,"f:11:22:11:27":0,"s:13:2:17:Infinity":1,"s:14:4:14:Infinity":2,"s:16:4:16:Infinity":3,"s:19:17:19:Infinity":4,"b:20:2:22:Infinity:undefined:undefined:undefined:undefined":0,"s:20:2:22:Infinity":5,"s:21:4:21:Infinity":6,"b:24:2:29:Infinity:undefined:undefined:undefined:undefined":1,"s:24:2:29:Infinity":7,"s:25:4:28:Infinity":8,"s:31:2:50:Infinity":9,"s:32:19:32:Infinity":10,"s:33:19:33:Infinity":11,"s:34:18:34:Infinity":12,"s:35:10:39:Infinity":13,"s:41:4:44:Infinity":14,"s:46:4:46:Infinity":15,"s:48:20:48:Infinity":16,"b:48:45:48:61:48:61:48:Infinity":2,"s:49:4:49:Infinity":17}}}
,"/Users/teddyburtonburger/Desktop/Code-hub/molu/src/app/api/products/route.ts": {"path":"/Users/teddyburtonburger/Desktop/Code-hub/molu/src/app/api/products/route.ts","statementMap":{"0":{"start":{"line":6,"column":2},"end":{"line":11,"column":null}},"1":{"start":{"line":7,"column":4},"end":{"line":10,"column":null}},"2":{"start":{"line":13,"column":2},"end":{"line":21,"column":null}},"3":{"start":{"line":14,"column":10},"end":{"line":14,"column":null}},"4":{"start":{"line":15,"column":19},"end":{"line":15,"column":null}},"5":{"start":{"line":16,"column":18},"end":{"line":16,"column":null}},"6":{"start":{"line":17,"column":4},"end":{"line":17,"column":null}},"7":{"start":{"line":19,"column":20},"end":{"line":19,"column":null}},"8":{"start":{"line":20,"column":4},"end":{"line":20,"column":null}}},"fnMap":{"0":{"name":"GET","decl":{"start":{"line":5,"column":22},"end":{"line":5,"column":26}},"loc":{"start":{"line":5,"column":44},"end":{"line":22,"column":null}},"line":5}},"branchMap":{"0":{"loc":{"start":{"line":6,"column":2},"end":{"line":11,"column":null}},"type":"if","locations":[{"start":{"line":6,"column":2},"end":{"line":11,"column":null}},{"start":{},"end":{}}],"line":6},"1":{"loc":{"start":{"line":19,"column":20},"end":{"line":19,"column":null}},"type":"cond-expr","locations":[{"start":{"line":19,"column":45},"end":{"line":19,"column":61}},{"start":{"line":19,"column":61},"end":{"line":19,"column":null}}],"line":19}},"s":{"0":3,"1":1,"2":2,"3":2,"4":2,"5":2,"6":1,"7":1,"8":1},"f":{"0":3},"b":{"0":[1,2],"1":[1,0]},"meta":{"lastBranch":2,"lastFunction":1,"lastStatement":9,"seen":{"f:5:22:5:26":0,"b:6:2:11:Infinity:undefined:undefined:undefined:undefined":0,"s:6:2:11:Infinity":0,"s:7:4:10:Infinity":1,"s:13:2:21:Infinity":2,"s:14:10:14:Infinity":3,"s:15:19:15:Infinity":4,"s:16:18:16:Infinity":5,"s:17:4:17:Infinity":6,"s:19:20:19:Infinity":7,"b:19:45:19:61:19:61:19:Infinity":1,"s:20:4:20:Infinity":8}}}
,"/Users/teddyburtonburger/Desktop/Code-hub/molu/src/app/api/products/[id]/route.ts": {"path":"/Users/teddyburtonburger/Desktop/Code-hub/molu/src/app/api/products/[id]/route.ts","statementMap":{"0":{"start":{"line":5,"column":2},"end":{"line":10,"column":null}},"1":{"start":{"line":6,"column":4},"end":{"line":9,"column":null}},"2":{"start":{"line":12,"column":2},"end":{"line":26,"column":null}},"3":{"start":{"line":13,"column":19},"end":{"line":13,"column":null}},"4":{"start":{"line":14,"column":15},"end":{"line":14,"column":null}},"5":{"start":{"line":15,"column":19},"end":{"line":15,"column":null}},"6":{"start":{"line":16,"column":41},"end":{"line":20,"column":null}},"7":{"start":{"line":22,"column":4},"end":{"line":22,"column":null}},"8":{"start":{"line":24,"column":20},"end":{"line":24,"column":null}},"9":{"start":{"line":25,"column":4},"end":{"line":25,"column":null}}},"fnMap":{"0":{"name":"GET","decl":{"start":{"line":4,"column":22},"end":{"line":4,"column":26}},"loc":{"start":{"line":4,"column":59},"end":{"line":27,"column":null}},"line":4}},"branchMap":{"0":{"loc":{"start":{"line":5,"column":2},"end":{"line":10,"column":null}},"type":"if","locations":[{"start":{"line":5,"column":2},"end":{"line":10,"column":null}},{"start":{},"end":{}}],"line":5},"1":{"loc":{"start":{"line":24,"column":20},"end":{"line":24,"column":null}},"type":"cond-expr","locations":[{"start":{"line":24,"column":45},"end":{"line":24,"column":61}},{"start":{"line":24,"column":61},"end":{"line":24,"column":null}}],"line":24}},"s":{"0":3,"1":1,"2":2,"3":2,"4":2,"5":3,"6":3,"7":1,"8":1,"9":1},"f":{"0":3},"b":{"0":[1,2],"1":[1,0]},"meta":{"lastBranch":2,"lastFunction":1,"lastStatement":10,"seen":{"f:4:22:4:26":0,"b:5:2:10:Infinity:undefined:undefined:undefined:undefined":0,"s:5:2:10:Infinity":0,"s:6:4:9:Infinity":1,"s:12:2:26:Infinity":2,"s:13:19:13:Infinity":3,"s:14:15:14:Infinity":4,"s:15:19:15:Infinity":5,"s:16:41:20:Infinity":6,"s:22:4:22:Infinity":7,"s:24:20:24:Infinity":8,"b:24:45:24:61:24:61:24:Infinity":1,"s:25:4:25:Infinity":9}}}
,"/Users/teddyburtonburger/Desktop/Code-hub/molu/src/app/api/webhooks/bkash/route.ts": {"path":"/Users/teddyburtonburger/Desktop/Code-hub/molu/src/app/api/webhooks/bkash/route.ts","statementMap":{"0":{"start":{"line":5,"column":20},"end":{"line":9,"column":null}},"1":{"start":{"line":12,"column":17},"end":{"line":12,"column":null}},"2":{"start":{"line":13,"column":2},"end":{"line":13,"column":null}},"3":{"start":{"line":13,"column":14},"end":{"line":13,"column":null}},"4":{"start":{"line":14,"column":2},"end":{"line":14,"column":null}},"5":{"start":{"line":19,"column":2},"end":{"line":23,"column":null}},"6":{"start":{"line":20,"column":4},"end":{"line":20,"column":null}},"7":{"start":{"line":22,"column":4},"end":{"line":22,"column":null}},"8":{"start":{"line":25,"column":17},"end":{"line":25,"column":null}},"9":{"start":{"line":26,"column":2},"end":{"line":28,"column":null}},"10":{"start":{"line":27,"column":4},"end":{"line":27,"column":null}},"11":{"start":{"line":30,"column":2},"end":{"line":32,"column":null}},"12":{"start":{"line":31,"column":4},"end":{"line":31,"column":null}},"13":{"start":{"line":34,"column":2},"end":{"line":39,"column":null}},"14":{"start":{"line":35,"column":4},"end":{"line":38,"column":null}},"15":{"start":{"line":41,"column":2},"end":{"line":63,"column":null}},"16":{"start":{"line":42,"column":19},"end":{"line":42,"column":null}},"17":{"start":{"line":43,"column":18},"end":{"line":43,"column":null}},"18":{"start":{"line":45,"column":4},"end":{"line":47,"column":null}},"19":{"start":{"line":46,"column":6},"end":{"line":46,"column":null}},"20":{"start":{"line":49,"column":4},"end":{"line":51,"column":null}},"21":{"start":{"line":50,"column":6},"end":{"line":50,"column":null}},"22":{"start":{"line":53,"column":4},"end":{"line":57,"column":null}},"23":{"start":{"line":54,"column":6},"end":{"line":54,"column":null}},"24":{"start":{"line":56,"column":6},"end":{"line":56,"column":null}},"25":{"start":{"line":59,"column":4},"end":{"line":59,"column":null}},"26":{"start":{"line":61,"column":20},"end":{"line":61,"column":null}},"27":{"start":{"line":62,"column":4},"end":{"line":62,"column":null}}},"fnMap":{"0":{"name":"isAuthorized","decl":{"start":{"line":11,"column":9},"end":{"line":11,"column":22}},"loc":{"start":{"line":11,"column":40},"end":{"line":15,"column":null}},"line":11},"1":{"name":"POST","decl":{"start":{"line":17,"column":22},"end":{"line":17,"column":27}},"loc":{"start":{"line":17,"column":45},"end":{"line":64,"column":null}},"line":17}},"branchMap":{"0":{"loc":{"start":{"line":13,"column":2},"end":{"line":13,"column":null}},"type":"if","locations":[{"start":{"line":13,"column":2},"end":{"line":13,"column":null}},{"start":{},"end":{}}],"line":13},"1":{"loc":{"start":{"line":26,"column":2},"end":{"line":28,"column":null}},"type":"if","locations":[{"start":{"line":26,"column":2},"end":{"line":28,"column":null}},{"start":{},"end":{}}],"line":26},"2":{"loc":{"start":{"line":30,"column":2},"end":{"line":32,"column":null}},"type":"if","locations":[{"start":{"line":30,"column":2},"end":{"line":32,"column":null}},{"start":{},"end":{}}],"line":30},"3":{"loc":{"start":{"line":34,"column":2},"end":{"line":39,"column":null}},"type":"if","locations":[{"start":{"line":34,"column":2},"end":{"line":39,"column":null}},{"start":{},"end":{}}],"line":34},"4":{"loc":{"start":{"line":45,"column":4},"end":{"line":47,"column":null}},"type":"if","locations":[{"start":{"line":45,"column":4},"end":{"line":47,"column":null}},{"start":{},"end":{}}],"line":45},"5":{"loc":{"start":{"line":49,"column":4},"end":{"line":51,"column":null}},"type":"if","locations":[{"start":{"line":49,"column":4},"end":{"line":51,"column":null}},{"start":{},"end":{}}],"line":49},"6":{"loc":{"start":{"line":49,"column":8},"end":{"line":49,"column":72}},"type":"binary-expr","locations":[{"start":{"line":49,"column":8},"end":{"line":49,"column":28}},{"start":{"line":49,"column":28},"end":{"line":49,"column":72}}],"line":49},"7":{"loc":{"start":{"line":53,"column":4},"end":{"line":57,"column":null}},"type":"if","locations":[{"start":{"line":53,"column":4},"end":{"line":57,"column":null}},{"start":{"line":55,"column":11},"end":{"line":57,"column":null}}],"line":53},"8":{"loc":{"start":{"line":61,"column":20},"end":{"line":61,"column":null}},"type":"cond-expr","locations":[{"start":{"line":61,"column":45},"end":{"line":61,"column":61}},{"start":{"line":61,"column":61},"end":{"line":61,"column":null}}],"line":61}},"s":{"0":7,"1":6,"2":6,"3":0,"4":6,"5":7,"6":7,"7":0,"8":7,"9":7,"10":1,"11":6,"12":1,"13":5,"14":1,"15":4,"16":4,"17":4,"18":3,"19":0,"20":3,"21":1,"22":2,"23":1,"24":1,"25":2,"26":1,"27":1},"f":{"0":6,"1":7},"b":{"0":[0,6],"1":[1,6],"2":[1,5],"3":[1,4],"4":[0,3],"5":[1,2],"6":[3,3],"7":[1,1],"8":[1,0]},"meta":{"lastBranch":9,"lastFunction":2,"lastStatement":28,"seen":{"s:5:20:9:Infinity":0,"f:11:9:11:22":0,"s:12:17:12:Infinity":1,"b:13:2:13:Infinity:undefined:undefined:undefined:undefined":0,"s:13:2:13:Infinity":2,"s:13:14:13:Infinity":3,"s:14:2:14:Infinity":4,"f:17:22:17:27":1,"s:19:2:23:Infinity":5,"s:20:4:20:Infinity":6,"s:22:4:22:Infinity":7,"s:25:17:25:Infinity":8,"b:26:2:28:Infinity:undefined:undefined:undefined:undefined":1,"s:26:2:28:Infinity":9,"s:27:4:27:Infinity":10,"b:30:2:32:Infinity:undefined:undefined:undefined:undefined":2,"s:30:2:32:Infinity":11,"s:31:4:31:Infinity":12,"b:34:2:39:Infinity:undefined:undefined:undefined:undefined":3,"s:34:2:39:Infinity":13,"s:35:4:38:Infinity":14,"s:41:2:63:Infinity":15,"s:42:19:42:Infinity":16,"s:43:18:43:Infinity":17,"b:45:4:47:Infinity:undefined:undefined:undefined:undefined":4,"s:45:4:47:Infinity":18,"s:46:6:46:Infinity":19,"b:49:4:51:Infinity:undefined:undefined:undefined:undefined":5,"s:49:4:51:Infinity":20,"b:49:8:49:28:49:28:49:72":6,"s:50:6:50:Infinity":21,"b:53:4:57:Infinity:55:11:57:Infinity":7,"s:53:4:57:Infinity":22,"s:54:6:54:Infinity":23,"s:56:6:56:Infinity":24,"s:59:4:59:Infinity":25,"s:61:20:61:Infinity":26,"b:61:45:61:61:61:61:61:Infinity":8,"s:62:4:62:Infinity":27}}}
,"/Users/teddyburtonburger/Desktop/Code-hub/molu/src/app/api/webhooks/nagad/route.ts": {"path":"/Users/teddyburtonburger/Desktop/Code-hub/molu/src/app/api/webhooks/nagad/route.ts","statementMap":{"0":{"start":{"line":5,"column":20},"end":{"line":9,"column":null}},"1":{"start":{"line":12,"column":17},"end":{"line":12,"column":null}},"2":{"start":{"line":13,"column":2},"end":{"line":13,"column":null}},"3":{"start":{"line":13,"column":14},"end":{"line":13,"column":null}},"4":{"start":{"line":14,"column":2},"end":{"line":14,"column":null}},"5":{"start":{"line":19,"column":2},"end":{"line":23,"column":null}},"6":{"start":{"line":20,"column":4},"end":{"line":20,"column":null}},"7":{"start":{"line":22,"column":4},"end":{"line":22,"column":null}},"8":{"start":{"line":25,"column":17},"end":{"line":25,"column":null}},"9":{"start":{"line":26,"column":2},"end":{"line":28,"column":null}},"10":{"start":{"line":27,"column":4},"end":{"line":27,"column":null}},"11":{"start":{"line":30,"column":2},"end":{"line":32,"column":null}},"12":{"start":{"line":31,"column":4},"end":{"line":31,"column":null}},"13":{"start":{"line":34,"column":2},"end":{"line":39,"column":null}},"14":{"start":{"line":35,"column":4},"end":{"line":38,"column":null}},"15":{"start":{"line":41,"column":2},"end":{"line":63,"column":null}},"16":{"start":{"line":42,"column":19},"end":{"line":42,"column":null}},"17":{"start":{"line":43,"column":18},"end":{"line":43,"column":null}},"18":{"start":{"line":45,"column":4},"end":{"line":47,"column":null}},"19":{"start":{"line":46,"column":6},"end":{"line":46,"column":null}},"20":{"start":{"line":49,"column":4},"end":{"line":51,"column":null}},"21":{"start":{"line":50,"column":6},"end":{"line":50,"column":null}},"22":{"start":{"line":53,"column":4},"end":{"line":57,"column":null}},"23":{"start":{"line":54,"column":6},"end":{"line":54,"column":null}},"24":{"start":{"line":56,"column":6},"end":{"line":56,"column":null}},"25":{"start":{"line":59,"column":4},"end":{"line":59,"column":null}},"26":{"start":{"line":61,"column":20},"end":{"line":61,"column":null}},"27":{"start":{"line":62,"column":4},"end":{"line":62,"column":null}}},"fnMap":{"0":{"name":"isAuthorized","decl":{"start":{"line":11,"column":9},"end":{"line":11,"column":22}},"loc":{"start":{"line":11,"column":40},"end":{"line":15,"column":null}},"line":11},"1":{"name":"POST","decl":{"start":{"line":17,"column":22},"end":{"line":17,"column":27}},"loc":{"start":{"line":17,"column":45},"end":{"line":64,"column":null}},"line":17}},"branchMap":{"0":{"loc":{"start":{"line":13,"column":2},"end":{"line":13,"column":null}},"type":"if","locations":[{"start":{"line":13,"column":2},"end":{"line":13,"column":null}},{"start":{},"end":{}}],"line":13},"1":{"loc":{"start":{"line":26,"column":2},"end":{"line":28,"column":null}},"type":"if","locations":[{"start":{"line":26,"column":2},"end":{"line":28,"column":null}},{"start":{},"end":{}}],"line":26},"2":{"loc":{"start":{"line":30,"column":2},"end":{"line":32,"column":null}},"type":"if","locations":[{"start":{"line":30,"column":2},"end":{"line":32,"column":null}},{"start":{},"end":{}}],"line":30},"3":{"loc":{"start":{"line":34,"column":2},"end":{"line":39,"column":null}},"type":"if","locations":[{"start":{"line":34,"column":2},"end":{"line":39,"column":null}},{"start":{},"end":{}}],"line":34},"4":{"loc":{"start":{"line":45,"column":4},"end":{"line":47,"column":null}},"type":"if","locations":[{"start":{"line":45,"column":4},"end":{"line":47,"column":null}},{"start":{},"end":{}}],"line":45},"5":{"loc":{"start":{"line":49,"column":4},"end":{"line":51,"column":null}},"type":"if","locations":[{"start":{"line":49,"column":4},"end":{"line":51,"column":null}},{"start":{},"end":{}}],"line":49},"6":{"loc":{"start":{"line":49,"column":8},"end":{"line":49,"column":72}},"type":"binary-expr","locations":[{"start":{"line":49,"column":8},"end":{"line":49,"column":28}},{"start":{"line":49,"column":28},"end":{"line":49,"column":72}}],"line":49},"7":{"loc":{"start":{"line":53,"column":4},"end":{"line":57,"column":null}},"type":"if","locations":[{"start":{"line":53,"column":4},"end":{"line":57,"column":null}},{"start":{"line":55,"column":11},"end":{"line":57,"column":null}}],"line":53},"8":{"loc":{"start":{"line":61,"column":20},"end":{"line":61,"column":null}},"type":"cond-expr","locations":[{"start":{"line":61,"column":45},"end":{"line":61,"column":61}},{"start":{"line":61,"column":61},"end":{"line":61,"column":null}}],"line":61}},"s":{"0":5,"1":4,"2":4,"3":0,"4":4,"5":5,"6":5,"7":0,"8":5,"9":5,"10":1,"11":4,"12":0,"13":4,"14":1,"15":3,"16":3,"17":3,"18":3,"19":1,"20":2,"21":1,"22":1,"23":0,"24":1,"25":1,"26":0,"27":0},"f":{"0":4,"1":5},"b":{"0":[0,4],"1":[1,4],"2":[0,4],"3":[1,3],"4":[1,2],"5":[1,1],"6":[2,2],"7":[0,1],"8":[0,0]},"meta":{"lastBranch":9,"lastFunction":2,"lastStatement":28,"seen":{"s:5:20:9:Infinity":0,"f:11:9:11:22":0,"s:12:17:12:Infinity":1,"b:13:2:13:Infinity:undefined:undefined:undefined:undefined":0,"s:13:2:13:Infinity":2,"s:13:14:13:Infinity":3,"s:14:2:14:Infinity":4,"f:17:22:17:27":1,"s:19:2:23:Infinity":5,"s:20:4:20:Infinity":6,"s:22:4:22:Infinity":7,"s:25:17:25:Infinity":8,"b:26:2:28:Infinity:undefined:undefined:undefined:undefined":1,"s:26:2:28:Infinity":9,"s:27:4:27:Infinity":10,"b:30:2:32:Infinity:undefined:undefined:undefined:undefined":2,"s:30:2:32:Infinity":11,"s:31:4:31:Infinity":12,"b:34:2:39:Infinity:undefined:undefined:undefined:undefined":3,"s:34:2:39:Infinity":13,"s:35:4:38:Infinity":14,"s:41:2:63:Infinity":15,"s:42:19:42:Infinity":16,"s:43:18:43:Infinity":17,"b:45:4:47:Infinity:undefined:undefined:undefined:undefined":4,"s:45:4:47:Infinity":18,"s:46:6:46:Infinity":19,"b:49:4:51:Infinity:undefined:undefined:undefined:undefined":5,"s:49:4:51:Infinity":20,"b:49:8:49:28:49:28:49:72":6,"s:50:6:50:Infinity":21,"b:53:4:57:Infinity:55:11:57:Infinity":7,"s:53:4:57:Infinity":22,"s:54:6:54:Infinity":23,"s:56:6:56:Infinity":24,"s:59:4:59:Infinity":25,"s:61:20:61:Infinity":26,"b:61:45:61:61:61:61:61:Infinity":8,"s:62:4:62:Infinity":27}}}
,"/Users/teddyburtonburger/Desktop/Code-hub/molu/src/components/cart/CartItem.tsx": {"path":"/Users/teddyburtonburger/Desktop/Code-hub/molu/src/components/cart/CartItem.tsx","statementMap":{"0":{"start":{"line":13,"column":19},"end":{"line":13,"column":null}},"1":{"start":{"line":15,"column":2},"end":{"line":62,"column":null}},"2":{"start":{"line":36,"column":29},"end":{"line":36,"column":null}},"3":{"start":{"line":45,"column":29},"end":{"line":45,"column":null}},"4":{"start":{"line":55,"column":27},"end":{"line":55,"column":null}}},"fnMap":{"0":{"name":"CartItem","decl":{"start":{"line":12,"column":16},"end":{"line":12,"column":25}},"loc":{"start":{"line":12,"column":78},"end":{"line":64,"column":null}},"line":12},"1":{"name":"(anonymous_1)","decl":{"start":{"line":36,"column":23},"end":{"line":36,"column":29}},"loc":{"start":{"line":36,"column":29},"end":{"line":36,"column":null}},"line":36},"2":{"name":"(anonymous_2)","decl":{"start":{"line":45,"column":23},"end":{"line":45,"column":29}},"loc":{"start":{"line":45,"column":29},"end":{"line":45,"column":null}},"line":45},"3":{"name":"(anonymous_3)","decl":{"start":{"line":55,"column":21},"end":{"line":55,"column":27}},"loc":{"start":{"line":55,"column":27},"end":{"line":55,"column":null}},"line":55}},"branchMap":{"0":{"loc":{"start":{"line":18,"column":9},"end":{"line":18,"column":null}},"type":"cond-expr","locations":[{"start":{"line":18,"column":22},"end":{"line":18,"column":97}},{"start":{"line":18,"column":97},"end":{"line":18,"column":null}}],"line":18}},"s":{"0":4,"1":4,"2":1,"3":1,"4":1},"f":{"0":4,"1":1,"2":1,"3":1},"b":{"0":[1,3]},"meta":{"lastBranch":1,"lastFunction":4,"lastStatement":5,"seen":{"f:12:16:12:25":0,"s:13:19:13:Infinity":0,"s:15:2:62:Infinity":1,"b:18:22:18:97:18:97:18:Infinity":0,"f:36:23:36:29":1,"s:36:29:36:Infinity":2,"f:45:23:45:29":2,"s:45:29:45:Infinity":3,"f:55:21:55:27":3,"s:55:27:55:Infinity":4}}}
,"/Users/teddyburtonburger/Desktop/Code-hub/molu/src/components/product/ProductCard.tsx": {"path":"/Users/teddyburtonburger/Desktop/Code-hub/molu/src/components/product/ProductCard.tsx","statementMap":{"0":{"start":{"line":15,"column":22},"end":{"line":15,"column":null}},"1":{"start":{"line":16,"column":23},"end":{"line":16,"column":null}},"2":{"start":{"line":17,"column":22},"end":{"line":17,"column":null}},"3":{"start":{"line":19,"column":2},"end":{"line":61,"column":null}},"4":{"start":{"line":45,"column":12},"end":{"line":53,"column":null}}},"fnMap":{"0":{"name":"ProductCard","decl":{"start":{"line":14,"column":16},"end":{"line":14,"column":28}},"loc":{"start":{"line":14,"column":91},"end":{"line":63,"column":null}},"line":14},"1":{"name":"(anonymous_1)","decl":{"start":{"line":44,"column":19},"end":{"line":44,"column":null}},"loc":{"start":{"line":45,"column":12},"end":{"line":53,"column":null}},"line":45}},"branchMap":{"0":{"loc":{"start":{"line":14,"column":52},"end":{"line":14,"column":70}},"type":"default-arg","locations":[{"start":{"line":14,"column":64},"end":{"line":14,"column":70}}],"line":14},"1":{"loc":{"start":{"line":15,"column":22},"end":{"line":15,"column":null}},"type":"binary-expr","locations":[{"start":{"line":15,"column":22},"end":{"line":15,"column":42}},{"start":{"line":15,"column":42},"end":{"line":15,"column":null}}],"line":15},"2":{"loc":{"start":{"line":16,"column":23},"end":{"line":16,"column":null}},"type":"binary-expr","locations":[{"start":{"line":16,"column":23},"end":{"line":16,"column":44}},{"start":{"line":16,"column":44},"end":{"line":16,"column":null}}],"line":16},"3":{"loc":{"start":{"line":17,"column":30},"end":{"line":17,"column":86}},"type":"binary-expr","locations":[{"start":{"line":17,"column":30},"end":{"line":17,"column":45}},{"start":{"line":17,"column":45},"end":{"line":17,"column":60}},{"start":{"line":17,"column":60},"end":{"line":17,"column":76}},{"start":{"line":17,"column":76},"end":{"line":17,"column":86}}],"line":17},"4":{"loc":{"start":{"line":23,"column":11},"end":{"line":26,"column":null}},"type":"cond-expr","locations":[{"start":{"line":24,"column":12},"end":{"line":24,"column":null}},{"start":{"line":26,"column":12},"end":{"line":26,"column":null}}],"line":23},"5":{"loc":{"start":{"line":52,"column":21},"end":{"line":52,"column":null}},"type":"binary-expr","locations":[{"start":{"line":52,"column":21},"end":{"line":52,"column":38}},{"start":{"line":52,"column":38},"end":{"line":52,"column":null}}],"line":52},"6":{"loc":{"start":{"line":58,"column":11},"end":{"line":58,"column":null}},"type":"cond-expr","locations":[{"start":{"line":58,"column":23},"end":{"line":58,"column":37}},{"start":{"line":58,"column":37},"end":{"line":58,"column":null}}],"line":58}},"s":{"0":5,"1":5,"2":5,"3":5,"4":1},"f":{"0":5,"1":1},"b":{"0":[5],"1":[5,0],"2":[5,0],"3":[5,1,1,1],"4":[0,5],"5":[1,1],"6":[0,5]},"meta":{"lastBranch":7,"lastFunction":2,"lastStatement":5,"seen":{"f:14:16:14:28":0,"b:14:64:14:70":0,"s:15:22:15:Infinity":0,"b:15:22:15:42:15:42:15:Infinity":1,"s:16:23:16:Infinity":1,"b:16:23:16:44:16:44:16:Infinity":2,"s:17:22:17:Infinity":2,"b:17:30:17:45:17:45:17:60:17:60:17:76:17:76:17:86":3,"s:19:2:61:Infinity":3,"b:24:12:24:Infinity:26:12:26:Infinity":4,"f:44:19:44:Infinity":1,"s:45:12:53:Infinity":4,"b:52:21:52:38:52:38:52:Infinity":5,"b:58:23:58:37:58:37:58:Infinity":6}}}
,"/Users/teddyburtonburger/Desktop/Code-hub/molu/src/components/product/ProductGrid.tsx": {"path":"/Users/teddyburtonburger/Desktop/Code-hub/molu/src/components/product/ProductGrid.tsx","statementMap":{"0":{"start":{"line":14,"column":2},"end":{"line":20,"column":null}},"1":{"start":{"line":15,"column":4},"end":{"line":18,"column":null}},"2":{"start":{"line":22,"column":2},"end":{"line":27,"column":null}},"3":{"start":{"line":25,"column":8},"end":{"line":25,"column":null}}},"fnMap":{"0":{"name":"ProductGrid","decl":{"start":{"line":13,"column":16},"end":{"line":13,"column":28}},"loc":{"start":{"line":13,"column":84},"end":{"line":29,"column":null}},"line":13},"1":{"name":"(anonymous_1)","decl":{"start":{"line":24,"column":20},"end":{"line":24,"column":21}},"loc":{"start":{"line":25,"column":8},"end":{"line":25,"column":null}},"line":25}},"branchMap":{"0":{"loc":{"start":{"line":14,"column":2},"end":{"line":20,"column":null}},"type":"if","locations":[{"start":{"line":14,"column":2},"end":{"line":20,"column":null}},{"start":{},"end":{}}],"line":14}},"s":{"0":2,"1":1,"2":1,"3":2},"f":{"0":2,"1":2},"b":{"0":[1,1]},"meta":{"lastBranch":1,"lastFunction":2,"lastStatement":4,"seen":{"f:13:16:13:28":0,"b:14:2:20:Infinity:undefined:undefined:undefined:undefined":0,"s:14:2:20:Infinity":0,"s:15:4:18:Infinity":1,"s:22:2:27:Infinity":2,"f:24:20:24:21":1,"s:25:8:25:Infinity":3}}}
,"/Users/teddyburtonburger/Desktop/Code-hub/molu/src/lib/nocodb.ts": {"path":"/Users/teddyburtonburger/Desktop/Code-hub/molu/src/lib/nocodb.ts","statementMap":{"0":{"start":{"line":4,"column":27},"end":{"line":6,"column":null}},"1":{"start":{"line":8,"column":22},"end":{"line":19,"column":null}},"2":{"start":{"line":21,"column":27},"end":{"line":27,"column":null}},"3":{"start":{"line":29,"column":28},"end":{"line":36,"column":null}},"4":{"start":{"line":38,"column":20},"end":{"line":53,"column":null}},"5":{"start":{"line":55,"column":24},"end":{"line":65,"column":null}},"6":{"start":{"line":68,"column":16},"end":{"line":68,"column":null}},"7":{"start":{"line":69,"column":2},"end":{"line":69,"column":null}},"8":{"start":{"line":69,"column":14},"end":{"line":69,"column":null}},"9":{"start":{"line":70,"column":2},"end":{"line":70,"column":null}},"10":{"start":{"line":74,"column":2},"end":{"line":74,"column":null}},"11":{"start":{"line":83,"column":4},"end":{"line":83,"column":null}},"12":{"start":{"line":84,"column":4},"end":{"line":84,"column":null}},"13":{"start":{"line":85,"column":4},"end":{"line":85,"column":null}},"14":{"start":{"line":89,"column":16},"end":{"line":89,"column":null}},"15":{"start":{"line":90,"column":4},"end":{"line":93,"column":null}},"16":{"start":{"line":91,"column":6},"end":{"line":91,"column":null}},"17":{"start":{"line":91,"column":31},"end":{"line":91,"column":null}},"18":{"start":{"line":92,"column":6},"end":{"line":92,"column":null}},"19":{"start":{"line":94,"column":4},"end":{"line":94,"column":null}},"20":{"start":{"line":98,"column":16},"end":{"line":105,"column":null}},"21":{"start":{"line":107,"column":4},"end":{"line":110,"column":null}},"22":{"start":{"line":108,"column":19},"end":{"line":108,"column":null}},"23":{"start":{"line":108,"column":48},"end":{"line":108,"column":50}},"24":{"start":{"line":109,"column":6},"end":{"line":109,"column":null}},"25":{"start":{"line":112,"column":4},"end":{"line":112,"column":null}},"26":{"start":{"line":116,"column":18},"end":{"line":116,"column":null}},"27":{"start":{"line":117,"column":17},"end":{"line":117,"column":null}},"28":{"start":{"line":118,"column":19},"end":{"line":118,"column":null}},"29":{"start":{"line":120,"column":16},"end":{"line":124,"column":null}},"30":{"start":{"line":126,"column":19},"end":{"line":126,"column":null}},"31":{"start":{"line":127,"column":21},"end":{"line":127,"column":null}},"32":{"start":{"line":128,"column":36},"end":{"line":134,"column":null}},"33":{"start":{"line":128,"column":57},"end":{"line":134,"column":6}},"34":{"start":{"line":136,"column":4},"end":{"line":136,"column":null}},"35":{"start":{"line":140,"column":16},"end":{"line":140,"column":null}},"36":{"start":{"line":141,"column":4},"end":{"line":141,"column":null}},"37":{"start":{"line":145,"column":16},"end":{"line":147,"column":null}},"38":{"start":{"line":148,"column":19},"end":{"line":148,"column":null}},"39":{"start":{"line":149,"column":19},"end":{"line":149,"column":null}},"40":{"start":{"line":150,"column":4},"end":{"line":150,"column":null}},"41":{"start":{"line":150,"column":27},"end":{"line":150,"column":80}},"42":{"start":{"line":154,"column":16},"end":{"line":156,"column":null}},"43":{"start":{"line":157,"column":19},"end":{"line":157,"column":null}},"44":{"start":{"line":158,"column":4},"end":{"line":158,"column":null}},"45":{"start":{"line":162,"column":16},"end":{"line":165,"column":null}},"46":{"start":{"line":166,"column":4},"end":{"line":166,"column":null}},"47":{"start":{"line":170,"column":16},"end":{"line":173,"column":null}},"48":{"start":{"line":174,"column":4},"end":{"line":174,"column":null}},"49":{"start":{"line":178,"column":16},"end":{"line":178,"column":null}},"50":{"start":{"line":179,"column":4},"end":{"line":179,"column":null}},"51":{"start":{"line":183,"column":16},"end":{"line":186,"column":null}},"52":{"start":{"line":187,"column":4},"end":{"line":187,"column":null}},"53":{"start":{"line":191,"column":16},"end":{"line":193,"column":null}},"54":{"start":{"line":194,"column":19},"end":{"line":194,"column":null}},"55":{"start":{"line":195,"column":4},"end":{"line":195,"column":null}}},"fnMap":{"0":{"name":"requiredEnv","decl":{"start":{"line":67,"column":9},"end":{"line":67,"column":21}},"loc":{"start":{"line":67,"column":35},"end":{"line":71,"column":null}},"line":67},"1":{"name":"isNocoConfigured","decl":{"start":{"line":73,"column":16},"end":{"line":73,"column":35}},"loc":{"start":{"line":73,"column":35},"end":{"line":75,"column":null}},"line":73},"2":{"name":"(anonymous_2)","decl":{"start":{"line":82,"column":2},"end":{"line":82,"column":16}},"loc":{"start":{"line":82,"column":16},"end":{"line":86,"column":null}},"line":82},"3":{"name":"(anonymous_3)","decl":{"start":{"line":88,"column":10},"end":{"line":88,"column":14}},"loc":{"start":{"line":88,"column":95},"end":{"line":95,"column":null}},"line":88},"4":{"name":"(anonymous_4)","decl":{"start":{"line":97,"column":16},"end":{"line":97,"column":31}},"loc":{"start":{"line":97,"column":98},"end":{"line":113,"column":null}},"line":97},"5":{"name":"(anonymous_5)","decl":{"start":{"line":108,"column":42},"end":{"line":108,"column":48}},"loc":{"start":{"line":108,"column":48},"end":{"line":108,"column":50}},"line":108},"6":{"name":"(anonymous_6)","decl":{"start":{"line":115,"column":8},"end":{"line":115,"column":21}},"loc":{"start":{"line":115,"column":93},"end":{"line":137,"column":null}},"line":115},"7":{"name":"(anonymous_7)","decl":{"start":{"line":128,"column":49},"end":{"line":128,"column":50}},"loc":{"start":{"line":128,"column":57},"end":{"line":134,"column":6}},"line":128},"8":{"name":"(anonymous_8)","decl":{"start":{"line":139,"column":8},"end":{"line":139,"column":23}},"loc":{"start":{"line":139,"column":35},"end":{"line":142,"column":null}},"line":139},"9":{"name":"(anonymous_9)","decl":{"start":{"line":144,"column":8},"end":{"line":144,"column":26}},"loc":{"start":{"line":144,"column":45},"end":{"line":151,"column":null}},"line":144},"10":{"name":"(anonymous_10)","decl":{"start":{"line":150,"column":23},"end":{"line":150,"column":24}},"loc":{"start":{"line":150,"column":27},"end":{"line":150,"column":80}},"line":150},"11":{"name":"(anonymous_11)","decl":{"start":{"line":153,"column":8},"end":{"line":153,"column":22}},"loc":{"start":{"line":153,"column":41},"end":{"line":159,"column":null}},"line":153},"12":{"name":"(anonymous_12)","decl":{"start":{"line":161,"column":8},"end":{"line":161,"column":20}},"loc":{"start":{"line":161,"column":60},"end":{"line":167,"column":null}},"line":161},"13":{"name":"(anonymous_13)","decl":{"start":{"line":169,"column":8},"end":{"line":169,"column":24}},"loc":{"start":{"line":169,"column":53},"end":{"line":175,"column":null}},"line":169},"14":{"name":"(anonymous_14)","decl":{"start":{"line":177,"column":8},"end":{"line":177,"column":17}},"loc":{"start":{"line":177,"column":29},"end":{"line":180,"column":null}},"line":177},"15":{"name":"(anonymous_15)","decl":{"start":{"line":182,"column":8},"end":{"line":182,"column":20}},"loc":{"start":{"line":182,"column":55},"end":{"line":188,"column":null}},"line":182},"16":{"name":"(anonymous_16)","decl":{"start":{"line":190,"column":8},"end":{"line":190,"column":23}},"loc":{"start":{"line":190,"column":40},"end":{"line":196,"column":null}},"line":190}},"branchMap":{"0":{"loc":{"start":{"line":69,"column":2},"end":{"line":69,"column":null}},"type":"if","locations":[{"start":{"line":69,"column":2},"end":{"line":69,"column":null}},{"start":{},"end":{}}],"line":69},"1":{"loc":{"start":{"line":74,"column":17},"end":{"line":74,"column":108}},"type":"binary-expr","locations":[{"start":{"line":74,"column":17},"end":{"line":74,"column":47}},{"start":{"line":74,"column":47},"end":{"line":74,"column":79}},{"start":{"line":74,"column":79},"end":{"line":74,"column":108}}],"line":74},"2":{"loc":{"start":{"line":90,"column":46},"end":{"line":90,"column":57}},"type":"binary-expr","locations":[{"start":{"line":90,"column":46},"end":{"line":90,"column":55}},{"start":{"line":90,"column":55},"end":{"line":90,"column":57}}],"line":90},"3":{"loc":{"start":{"line":91,"column":6},"end":{"line":91,"column":null}},"type":"if","locations":[{"start":{"line":91,"column":6},"end":{"line":91,"column":null}},{"start":{},"end":{}}],"line":91},"4":{"loc":{"start":{"line":103,"column":12},"end":{"line":103,"column":null}},"type":"binary-expr","locations":[{"start":{"line":103,"column":12},"end":{"line":103,"column":29}},{"start":{"line":103,"column":29},"end":{"line":103,"column":null}}],"line":103},"5":{"loc":{"start":{"line":107,"column":4},"end":{"line":110,"column":null}},"type":"if","locations":[{"start":{"line":107,"column":4},"end":{"line":110,"column":null}},{"start":{},"end":{}}],"line":107},"6":{"loc":{"start":{"line":109,"column":64},"end":{"line":109,"column":86}},"type":"binary-expr","locations":[{"start":{"line":109,"column":64},"end":{"line":109,"column":72}},{"start":{"line":109,"column":72},"end":{"line":109,"column":86}}],"line":109},"7":{"loc":{"start":{"line":115,"column":21},"end":{"line":115,"column":93}},"type":"default-arg","locations":[{"start":{"line":115,"column":89},"end":{"line":115,"column":93}}],"line":115},"8":{"loc":{"start":{"line":116,"column":18},"end":{"line":116,"column":null}},"type":"binary-expr","locations":[{"start":{"line":116,"column":18},"end":{"line":116,"column":37}},{"start":{"line":116,"column":37},"end":{"line":116,"column":null}}],"line":116},"9":{"loc":{"start":{"line":117,"column":17},"end":{"line":117,"column":null}},"type":"binary-expr","locations":[{"start":{"line":117,"column":17},"end":{"line":117,"column":32}},{"start":{"line":117,"column":32},"end":{"line":117,"column":null}}],"line":117},"10":{"loc":{"start":{"line":150,"column":34},"end":{"line":150,"column":59}},"type":"binary-expr","locations":[{"start":{"line":150,"column":34},"end":{"line":150,"column":53}},{"start":{"line":150,"column":53},"end":{"line":150,"column":59}}],"line":150},"11":{"loc":{"start":{"line":150,"column":59},"end":{"line":150,"column":80}},"type":"binary-expr","locations":[{"start":{"line":150,"column":59},"end":{"line":150,"column":78}},{"start":{"line":150,"column":78},"end":{"line":150,"column":80}}],"line":150}},"s":{"0":17,"1":17,"2":17,"3":17,"4":17,"5":17,"6":12,"7":12,"8":0,"9":12,"10":8,"11":4,"12":4,"13":4,"14":7,"15":7,"16":8,"17":1,"18":7,"19":7,"20":7,"21":7,"22":1,"23":0,"24":1,"25":6,"26":2,"27":2,"28":2,"29":2,"30":1,"31":1,"32":1,"33":1,"34":1,"35":1,"36":1,"37":1,"38":1,"39":1,"40":1,"41":1,"42":1,"43":1,"44":1,"45":1,"46":1,"47":0,"48":0,"49":0,"50":0,"51":1,"52":1,"53":0,"54":0,"55":0},"f":{"0":12,"1":8,"2":4,"3":7,"4":7,"5":0,"6":2,"7":1,"8":1,"9":1,"10":1,"11":1,"12":1,"13":0,"14":0,"15":1,"16":0},"b":{"0":[0,12],"1":[8,1,1],"2":[7,3],"3":[1,7],"4":[7,7],"5":[1,6],"6":[1,0],"7":[2],"8":[2,1],"9":[2,1],"10":[1,0],"11":[1,0]},"meta":{"lastBranch":12,"lastFunction":17,"lastStatement":56,"seen":{"s:4:27:6:Infinity":0,"s:8:22:19:Infinity":1,"s:21:27:27:Infinity":2,"s:29:28:36:Infinity":3,"s:38:20:53:Infinity":4,"s:55:24:65:Infinity":5,"f:67:9:67:21":0,"s:68:16:68:Infinity":6,"b:69:2:69:Infinity:undefined:undefined:undefined:undefined":0,"s:69:2:69:Infinity":7,"s:69:14:69:Infinity":8,"s:70:2:70:Infinity":9,"f:73:16:73:35":1,"s:74:2:74:Infinity":10,"b:74:17:74:47:74:47:74:79:74:79:74:108":1,"f:82:2:82:16":2,"s:83:4:83:Infinity":11,"s:84:4:84:Infinity":12,"s:85:4:85:Infinity":13,"f:88:10:88:14":3,"s:89:16:89:Infinity":14,"s:90:4:93:Infinity":15,"b:90:46:90:55:90:55:90:57":2,"b:91:6:91:Infinity:undefined:undefined:undefined:undefined":3,"s:91:6:91:Infinity":16,"s:91:31:91:Infinity":17,"s:92:6:92:Infinity":18,"s:94:4:94:Infinity":19,"f:97:16:97:31":4,"s:98:16:105:Infinity":20,"b:103:12:103:29:103:29:103:Infinity":4,"b:107:4:110:Infinity:undefined:undefined:undefined:undefined":5,"s:107:4:110:Infinity":21,"s:108:19:108:Infinity":22,"f:108:42:108:48":5,"s:108:48:108:50":23,"s:109:6:109:Infinity":24,"b:109:64:109:72:109:72:109:86":6,"s:112:4:112:Infinity":25,"f:115:8:115:21":6,"b:115:89:115:93":7,"s:116:18:116:Infinity":26,"b:116:18:116:37:116:37:116:Infinity":8,"s:117:17:117:Infinity":27,"b:117:17:117:32:117:32:117:Infinity":9,"s:118:19:118:Infinity":28,"s:120:16:124:Infinity":29,"s:126:19:126:Infinity":30,"s:127:21:127:Infinity":31,"s:128:36:134:Infinity":32,"f:128:49:128:50":7,"s:128:57:134:6":33,"s:136:4:136:Infinity":34,"f:139:8:139:23":8,"s:140:16:140:Infinity":35,"s:141:4:141:Infinity":36,"f:144:8:144:26":9,"s:145:16:147:Infinity":37,"s:148:19:148:Infinity":38,"s:149:19:149:Infinity":39,"s:150:4:150:Infinity":40,"f:150:23:150:24":10,"s:150:27:150:80":41,"b:150:34:150:53:150:53:150:59":10,"b:150:59:150:78:150:78:150:80":11,"f:153:8:153:22":11,"s:154:16:156:Infinity":42,"s:157:19:157:Infinity":43,"s:158:4:158:Infinity":44,"f:161:8:161:20":12,"s:162:16:165:Infinity":45,"s:166:4:166:Infinity":46,"f:169:8:169:24":13,"s:170:16:173:Infinity":47,"s:174:4:174:Infinity":48,"f:177:8:177:17":14,"s:178:16:178:Infinity":49,"s:179:4:179:Infinity":50,"f:182:8:182:20":15,"s:183:16:186:Infinity":51,"s:187:4:187:Infinity":52,"f:190:8:190:23":16,"s:191:16:193:Infinity":53,"s:194:19:194:Infinity":54,"s:195:4:195:Infinity":55}}}
,"/Users/teddyburtonburger/Desktop/Code-hub/molu/src/lib/productsQuery.ts": {"path":"/Users/teddyburtonburger/Desktop/Code-hub/molu/src/lib/productsQuery.ts","statementMap":{"0":{"start":{"line":2,"column":15},"end":{"line":2,"column":null}},"1":{"start":{"line":3,"column":19},"end":{"line":3,"column":null}},"2":{"start":{"line":4,"column":25},"end":{"line":4,"column":null}},"3":{"start":{"line":7,"column":4},"end":{"line":7,"column":null}},"4":{"start":{"line":9,"column":2},"end":{"line":13,"column":null}}},"fnMap":{"0":{"name":"parseProductsQuery","decl":{"start":{"line":1,"column":16},"end":{"line":1,"column":35}},"loc":{"start":{"line":1,"column":45},"end":{"line":14,"column":null}},"line":1}},"branchMap":{"0":{"loc":{"start":{"line":2,"column":22},"end":{"line":2,"column":57}},"type":"binary-expr","locations":[{"start":{"line":2,"column":22},"end":{"line":2,"column":54}},{"start":{"line":2,"column":54},"end":{"line":2,"column":57}}],"line":2},"1":{"loc":{"start":{"line":3,"column":26},"end":{"line":3,"column":66}},"type":"binary-expr","locations":[{"start":{"line":3,"column":26},"end":{"line":3,"column":62}},{"start":{"line":3,"column":62},"end":{"line":3,"column":66}}],"line":3},"2":{"loc":{"start":{"line":7,"column":4},"end":{"line":7,"column":null}},"type":"cond-expr","locations":[{"start":{"line":7,"column":30},"end":{"line":7,"column":42}},{"start":{"line":7,"column":42},"end":{"line":7,"column":null}}],"line":7},"3":{"loc":{"start":{"line":7,"column":42},"end":{"line":7,"column":null}},"type":"cond-expr","locations":[{"start":{"line":7,"column":70},"end":{"line":7,"column":77}},{"start":{"line":7,"column":77},"end":{"line":7,"column":null}}],"line":7},"4":{"loc":{"start":{"line":7,"column":77},"end":{"line":7,"column":null}},"type":"cond-expr","locations":[{"start":{"line":7,"column":106},"end":{"line":7,"column":114}},{"start":{"line":7,"column":114},"end":{"line":7,"column":null}}],"line":7},"5":{"loc":{"start":{"line":10,"column":10},"end":{"line":10,"column":null}},"type":"cond-expr","locations":[{"start":{"line":10,"column":46},"end":{"line":10,"column":53}},{"start":{"line":10,"column":53},"end":{"line":10,"column":null}}],"line":10},"6":{"loc":{"start":{"line":10,"column":10},"end":{"line":10,"column":46}},"type":"binary-expr","locations":[{"start":{"line":10,"column":10},"end":{"line":10,"column":35}},{"start":{"line":10,"column":35},"end":{"line":10,"column":46}}],"line":10},"7":{"loc":{"start":{"line":11,"column":14},"end":{"line":11,"column":null}},"type":"cond-expr","locations":[{"start":{"line":11,"column":58},"end":{"line":11,"column":84}},{"start":{"line":11,"column":84},"end":{"line":11,"column":null}}],"line":11},"8":{"loc":{"start":{"line":11,"column":14},"end":{"line":11,"column":58}},"type":"binary-expr","locations":[{"start":{"line":11,"column":14},"end":{"line":11,"column":43}},{"start":{"line":11,"column":43},"end":{"line":11,"column":58}}],"line":11}},"s":{"0":3,"1":3,"2":3,"3":3,"4":3},"f":{"0":3},"b":{"0":[3,1],"1":[3,1],"2":[2,1],"3":[0,1],"4":[1,0],"5":[3,0],"6":[3,3],"7":[3,0],"8":[3,3]},"meta":{"lastBranch":9,"lastFunction":1,"lastStatement":5,"seen":{"f:1:16:1:35":0,"s:2:15:2:Infinity":0,"b:2:22:2:54:2:54:2:57":0,"s:3:19:3:Infinity":1,"b:3:26:3:62:3:62:3:66":1,"s:4:25:4:Infinity":2,"s:7:4:7:Infinity":3,"b:7:30:7:42:7:42:7:Infinity":2,"b:7:70:7:77:7:77:7:Infinity":3,"b:7:106:7:114:7:114:7:Infinity":4,"s:9:2:13:Infinity":4,"b:10:46:10:53:10:53:10:Infinity":5,"b:10:10:10:35:10:35:10:46":6,"b:11:58:11:84:11:84:11:Infinity":7,"b:11:14:11:43:11:43:11:58":8}}}
,"/Users/teddyburtonburger/Desktop/Code-hub/molu/src/lib/validation.ts": {"path":"/Users/teddyburtonburger/Desktop/Code-hub/molu/src/lib/validation.ts","statementMap":{"0":{"start":{"line":3,"column":36},"end":{"line":3,"column":null}},"1":{"start":{"line":5,"column":31},"end":{"line":10,"column":null}},"2":{"start":{"line":12,"column":27},"end":{"line":24,"column":null}}},"fnMap":{},"branchMap":{},"s":{"0":6,"1":6,"2":6},"f":{},"b":{},"meta":{"lastBranch":0,"lastFunction":0,"lastStatement":3,"seen":{"s:3:36:3:Infinity":0,"s:5:31:10:Infinity":1,"s:12:27:24:Infinity":2}}}
,"/Users/teddyburtonburger/Desktop/Code-hub/molu/src/lib/payments/bkash.ts": {"path":"/Users/teddyburtonburger/Desktop/Code-hub/molu/src/lib/payments/bkash.ts","statementMap":{"0":{"start":{"line":4,"column":15},"end":{"line":4,"column":null}},"1":{"start":{"line":5,"column":20},"end":{"line":5,"column":null}},"2":{"start":{"line":6,"column":21},"end":{"line":8,"column":null}},"3":{"start":{"line":10,"column":34},"end":{"line":10,"column":null}},"4":{"start":{"line":11,"column":2},"end":{"line":11,"column":null}}},"fnMap":{"0":{"name":"initiateBkashPayment","decl":{"start":{"line":3,"column":16},"end":{"line":3,"column":37}},"loc":{"start":{"line":3,"column":98},"end":{"line":12,"column":null}},"line":3}},"branchMap":{},"s":{"0":2,"1":2,"2":2,"3":2,"4":2},"f":{"0":2},"b":{},"meta":{"lastBranch":0,"lastFunction":1,"lastStatement":5,"seen":{"f:3:16:3:37":0,"s:4:15:4:Infinity":0,"s:5:20:5:Infinity":1,"s:6:21:8:Infinity":2,"s:10:34:10:Infinity":3,"s:11:2:11:Infinity":4}}}
,"/Users/teddyburtonburger/Desktop/Code-hub/molu/src/lib/payments/nagad.ts": {"path":"/Users/teddyburtonburger/Desktop/Code-hub/molu/src/lib/payments/nagad.ts","statementMap":{"0":{"start":{"line":4,"column":15},"end":{"line":4,"column":null}},"1":{"start":{"line":5,"column":20},"end":{"line":5,"column":null}},"2":{"start":{"line":6,"column":21},"end":{"line":8,"column":null}},"3":{"start":{"line":10,"column":34},"end":{"line":10,"column":null}},"4":{"start":{"line":11,"column":2},"end":{"line":11,"column":null}}},"fnMap":{"0":{"name":"initiateNagadPayment","decl":{"start":{"line":3,"column":16},"end":{"line":3,"column":37}},"loc":{"start":{"line":3,"column":98},"end":{"line":12,"column":null}},"line":3}},"branchMap":{},"s":{"0":2,"1":2,"2":2,"3":2,"4":2},"f":{"0":2},"b":{},"meta":{"lastBranch":0,"lastFunction":1,"lastStatement":5,"seen":{"f:3:16:3:37":0,"s:4:15:4:Infinity":0,"s:5:20:5:Infinity":1,"s:6:21:8:Infinity":2,"s:10:34:10:Infinity":3,"s:11:2:11:Infinity":4}}}
,"/Users/teddyburtonburger/Desktop/Code-hub/molu/src/store/cart.ts": {"path":"/Users/teddyburtonburger/Desktop/Code-hub/molu/src/store/cart.ts","statementMap":{"0":{"start":{"line":14,"column":2},"end":{"line":14,"column":null}},"1":{"start":{"line":29,"column":13},"end":{"line":67,"column":null}},"2":{"start":{"line":29,"column":56},"end":{"line":67,"column":2}},"3":{"start":{"line":32,"column":4},"end":{"line":42,"column":null}},"4":{"start":{"line":33,"column":27},"end":{"line":33,"column":null}},"5":{"start":{"line":33,"column":51},"end":{"line":33,"column":68}},"6":{"start":{"line":34,"column":6},"end":{"line":40,"column":null}},"7":{"start":{"line":35,"column":8},"end":{"line":39,"column":null}},"8":{"start":{"line":37,"column":12},"end":{"line":37,"column":null}},"9":{"start":{"line":41,"column":6},"end":{"line":41,"column":null}},"10":{"start":{"line":45,"column":4},"end":{"line":54,"column":null}},"11":{"start":{"line":45,"column":20},"end":{"line":54,"column":6}},"12":{"start":{"line":48,"column":10},"end":{"line":51,"column":null}},"13":{"start":{"line":57,"column":4},"end":{"line":63,"column":null}},"14":{"start":{"line":57,"column":20},"end":{"line":63,"column":6}},"15":{"start":{"line":59,"column":8},"end":{"line":61,"column":null}},"16":{"start":{"line":65,"column":15},"end":{"line":65,"column":null}},"17":{"start":{"line":66,"column":15},"end":{"line":66,"column":null}},"18":{"start":{"line":66,"column":49},"end":{"line":66,"column":83}}},"fnMap":{"0":{"name":"sameLine","decl":{"start":{"line":13,"column":9},"end":{"line":13,"column":18}},"loc":{"start":{"line":13,"column":44},"end":{"line":15,"column":null}},"line":13},"1":{"name":"(anonymous_1)","decl":{"start":{"line":29,"column":41},"end":{"line":29,"column":42}},"loc":{"start":{"line":29,"column":56},"end":{"line":67,"column":2}},"line":29},"2":{"name":"(anonymous_2)","decl":{"start":{"line":31,"column":11},"end":{"line":31,"column":12}},"loc":{"start":{"line":31,"column":21},"end":{"line":43,"column":null}},"line":31},"3":{"name":"(anonymous_3)","decl":{"start":{"line":32,"column":8},"end":{"line":32,"column":9}},"loc":{"start":{"line":32,"column":19},"end":{"line":42,"column":5}},"line":32},"4":{"name":"(anonymous_4)","decl":{"start":{"line":33,"column":44},"end":{"line":33,"column":45}},"loc":{"start":{"line":33,"column":51},"end":{"line":33,"column":68}},"line":33},"5":{"name":"(anonymous_5)","decl":{"start":{"line":36,"column":33},"end":{"line":36,"column":34}},"loc":{"start":{"line":37,"column":12},"end":{"line":37,"column":null}},"line":37},"6":{"name":"(anonymous_6)","decl":{"start":{"line":44,"column":14},"end":{"line":44,"column":15}},"loc":{"start":{"line":44,"column":28},"end":{"line":55,"column":null}},"line":44},"7":{"name":"(anonymous_7)","decl":{"start":{"line":45,"column":8},"end":{"line":45,"column":9}},"loc":{"start":{"line":45,"column":20},"end":{"line":54,"column":6}},"line":45},"8":{"name":"(anonymous_8)","decl":{"start":{"line":47,"column":8},"end":{"line":47,"column":9}},"loc":{"start":{"line":48,"column":10},"end":{"line":51,"column":null}},"line":48},"9":{"name":"(anonymous_9)","decl":{"start":{"line":56,"column":18},"end":{"line":56,"column":19}},"loc":{"start":{"line":56,"column":42},"end":{"line":64,"column":null}},"line":56},"10":{"name":"(anonymous_10)","decl":{"start":{"line":57,"column":8},"end":{"line":57,"column":9}},"loc":{"start":{"line":57,"column":20},"end":{"line":63,"column":6}},"line":57},"11":{"name":"(anonymous_11)","decl":{"start":{"line":58,"column":29},"end":{"line":58,"column":30}},"loc":{"start":{"line":59,"column":8},"end":{"line":61,"column":null}},"line":59},"12":{"name":"(anonymous_12)","decl":{"start":{"line":65,"column":9},"end":{"line":65,"column":15}},"loc":{"start":{"line":65,"column":15},"end":{"line":65,"column":null}},"line":65},"13":{"name":"(anonymous_13)","decl":{"start":{"line":66,"column":9},"end":{"line":66,"column":15}},"loc":{"start":{"line":66,"column":15},"end":{"line":66,"column":null}},"line":66},"14":{"name":"(anonymous_14)","decl":{"start":{"line":66,"column":34},"end":{"line":66,"column":35}},"loc":{"start":{"line":66,"column":49},"end":{"line":66,"column":83}},"line":66}},"branchMap":{"0":{"loc":{"start":{"line":14,"column":9},"end":{"line":14,"column":null}},"type":"binary-expr","locations":[{"start":{"line":14,"column":9},"end":{"line":14,"column":40}},{"start":{"line":14,"column":40},"end":{"line":14,"column":61}},{"start":{"line":14,"column":61},"end":{"line":14,"column":null}}],"line":14},"1":{"loc":{"start":{"line":34,"column":6},"end":{"line":40,"column":null}},"type":"if","locations":[{"start":{"line":34,"column":6},"end":{"line":40,"column":null}},{"start":{},"end":{}}],"line":34},"2":{"loc":{"start":{"line":37,"column":12},"end":{"line":37,"column":null}},"type":"cond-expr","locations":[{"start":{"line":37,"column":32},"end":{"line":37,"column":81}},{"start":{"line":37,"column":81},"end":{"line":37,"column":null}}],"line":37},"3":{"loc":{"start":{"line":49,"column":12},"end":{"line":51,"column":null}},"type":"binary-expr","locations":[{"start":{"line":49,"column":12},"end":{"line":49,"column":null}},{"start":{"line":50,"column":12},"end":{"line":50,"column":null}},{"start":{"line":51,"column":12},"end":{"line":51,"column":null}}],"line":49},"4":{"loc":{"start":{"line":59,"column":8},"end":{"line":61,"column":null}},"type":"cond-expr","locations":[{"start":{"line":60,"column":12},"end":{"line":60,"column":null}},{"start":{"line":61,"column":12},"end":{"line":61,"column":null}}],"line":59},"5":{"loc":{"start":{"line":59,"column":8},"end":{"line":59,"column":null}},"type":"binary-expr","locations":[{"start":{"line":59,"column":8},"end":{"line":59,"column":46}},{"start":{"line":59,"column":46},"end":{"line":59,"column":74}},{"start":{"line":59,"column":74},"end":{"line":59,"column":null}}],"line":59}},"s":{"0":5,"1":1,"2":1,"3":9,"4":9,"5":4,"6":9,"7":1,"8":1,"9":8,"10":1,"11":1,"12":2,"13":2,"14":2,"15":4,"16":5,"17":1,"18":2},"f":{"0":5,"1":1,"2":9,"3":9,"4":4,"5":1,"6":1,"7":1,"8":2,"9":2,"10":2,"11":4,"12":5,"13":1,"14":2},"b":{"0":[5,3,2],"1":[1,8],"2":[1,0],"3":[2,2,1],"4":[1,3],"5":[4,1,1]},"meta":{"lastBranch":6,"lastFunction":15,"lastStatement":19,"seen":{"f:13:9:13:18":0,"s:14:2:14:Infinity":0,"b:14:9:14:40:14:40:14:61:14:61:14:Infinity":0,"s:29:13:67:Infinity":1,"f:29:41:29:42":1,"s:29:56:67:2":2,"f:31:11:31:12":2,"s:32:4:42:Infinity":3,"f:32:8:32:9":3,"s:33:27:33:Infinity":4,"f:33:44:33:45":4,"s:33:51:33:68":5,"b:34:6:40:Infinity:undefined:undefined:undefined:undefined":1,"s:34:6:40:Infinity":6,"s:35:8:39:Infinity":7,"f:36:33:36:34":5,"s:37:12:37:Infinity":8,"b:37:32:37:81:37:81:37:Infinity":2,"s:41:6:41:Infinity":9,"f:44:14:44:15":6,"s:45:4:54:Infinity":10,"f:45:8:45:9":7,"s:45:20:54:6":11,"f:47:8:47:9":8,"s:48:10:51:Infinity":12,"b:49:12:49:Infinity:50:12:50:Infinity:51:12:51:Infinity":3,"f:56:18:56:19":9,"s:57:4:63:Infinity":13,"f:57:8:57:9":10,"s:57:20:63:6":14,"f:58:29:58:30":11,"s:59:8:61:Infinity":15,"b:60:12:60:Infinity:61:12:61:Infinity":4,"b:59:8:59:46:59:46:59:74:59:74:59:Infinity":5,"f:65:9:65:15":12,"s:65:15:65:Infinity":16,"f:66:9:66:15":13,"s:66:15:66:Infinity":17,"f:66:34:66:35":14,"s:66:49:66:83":18}}}
}
